<?xml version="1.0" encoding="UTF-8"?>
<coverage generated="1543794252794" clover="3.2.0">
  <project timestamp="1543794252795" name="All files">
    <metrics statements="50" coveredstatements="23" conditionals="10" coveredconditionals="2" methods="17" coveredmethods="2" elements="77" coveredelements="27" complexity="0" loc="50" ncloc="50" packages="11" files="22" classes="22">
      <package name="home-ht-challenge ">
        <metrics statements="9" coveredstatements="9" conditionals="0" coveredconditionals="0" methods="1" coveredmethods="1"/>
        <file name="jest.frameworks.js" path="/Users/igorslotin/Documents/coding/home-ht-challenge /jest.frameworks.js">
          <metrics statements="1" coveredstatements="1" conditionals="0" coveredconditionals="0" methods="0" coveredmethods="0"/>
          <line num="1" count="1" type="stmt"/>
        </file>
        <file name="jest.setup.js" path="/Users/igorslotin/Documents/coding/home-ht-challenge /jest.setup.js">
          <metrics statements="3" coveredstatements="3" conditionals="0" coveredconditionals="0" methods="0" coveredmethods="0"/>
          <line num="1" count="1" type="stmt"/>
          <line num="2" count="1" type="stmt"/>
          <line num="4" count="1" type="stmt"/>
        </file>
        <file name="routes.ts" path="/Users/igorslotin/Documents/coding/home-ht-challenge /routes.ts">
          <metrics statements="5" coveredstatements="5" conditionals="0" coveredconditionals="0" methods="1" coveredmethods="1"/>
          <line num="3" count="1" type="stmt"/>
          <line num="5" count="1" type="stmt"/>
          <line num="8" count="1" type="stmt"/>
          <line num="9" count="1" type="stmt"/>
          <line num="10" count="1" type="stmt"/>
        </file>
      </package>
      <package name="home-ht-challenge .src">
        <metrics statements="2" coveredstatements="2" conditionals="0" coveredconditionals="0" methods="0" coveredmethods="0"/>
        <file name="routeConfig.ts" path="/Users/igorslotin/Documents/coding/home-ht-challenge /src/routeConfig.ts">
          <metrics statements="2" coveredstatements="2" conditionals="0" coveredconditionals="0" methods="0" coveredmethods="0"/>
          <line num="12" count="1" type="stmt"/>
          <line num="20" count="1" type="stmt"/>
        </file>
      </package>
      <package name="home-ht-challenge .src.commonComponents">
        <metrics statements="1" coveredstatements="1" conditionals="0" coveredconditionals="0" methods="0" coveredmethods="0"/>
        <file name="Button.ts" path="/Users/igorslotin/Documents/coding/home-ht-challenge /src/commonComponents/Button.ts">
          <metrics statements="1" coveredstatements="1" conditionals="0" coveredconditionals="0" methods="0" coveredmethods="0"/>
          <line num="3" count="1" type="stmt"/>
        </file>
      </package>
      <package name="home-ht-challenge .src.store">
        <metrics statements="24" coveredstatements="3" conditionals="8" coveredconditionals="0" methods="9" coveredmethods="0"/>
        <file name="CollectedDataStore.ts" path="/Users/igorslotin/Documents/coding/home-ht-challenge /src/store/CollectedDataStore.ts">
          <metrics statements="24" coveredstatements="3" conditionals="8" coveredconditionals="0" methods="9" coveredmethods="0"/>
          <line num="15" count="1" type="stmt"/>
          <line num="38" count="1" type="stmt"/>
          <line num="84" count="0" type="stmt"/>
          <line num="89" count="0" type="cond" truecount="0" falsecount="4"/>
          <line num="90" count="0" type="stmt"/>
          <line num="92" count="0" type="stmt"/>
          <line num="99" count="0" type="cond" truecount="0" falsecount="2"/>
          <line num="100" count="0" type="stmt"/>
          <line num="101" count="0" type="stmt"/>
          <line num="103" count="0" type="stmt"/>
          <line num="104" count="0" type="cond" truecount="0" falsecount="2"/>
          <line num="105" count="0" type="stmt"/>
          <line num="106" count="0" type="stmt"/>
          <line num="112" count="0" type="stmt"/>
          <line num="117" count="0" type="stmt"/>
          <line num="118" count="0" type="stmt"/>
          <line num="119" count="0" type="stmt"/>
          <line num="124" count="0" type="stmt"/>
          <line num="125" count="0" type="stmt"/>
          <line num="126" count="0" type="stmt"/>
          <line num="131" count="0" type="stmt"/>
          <line num="132" count="0" type="stmt"/>
          <line num="133" count="0" type="stmt"/>
          <line num="137" count="1" type="stmt"/>
        </file>
      </package>
      <package name="home-ht-challenge .src.ui.Form.components.Form">
        <metrics statements="4" coveredstatements="3" conditionals="2" coveredconditionals="2" methods="2" coveredmethods="1"/>
        <file name="Form.style.ts" path="/Users/igorslotin/Documents/coding/home-ht-challenge /src/ui/Form/components/Form/Form.style.ts">
          <metrics statements="1" coveredstatements="1" conditionals="0" coveredconditionals="0" methods="0" coveredmethods="0"/>
          <line num="3" count="1" type="stmt"/>
        </file>
        <file name="Form.view.tsx" path="/Users/igorslotin/Documents/coding/home-ht-challenge /src/ui/Form/components/Form/Form.view.tsx">
          <metrics statements="2" coveredstatements="2" conditionals="2" coveredconditionals="2" methods="1" coveredmethods="1"/>
          <line num="18" count="6" type="stmt"/>
          <line num="19" count="6" type="stmt"/>
        </file>
        <file name="index.tsx" path="/Users/igorslotin/Documents/coding/home-ht-challenge /src/ui/Form/components/Form/index.tsx">
          <metrics statements="1" coveredstatements="0" conditionals="0" coveredconditionals="0" methods="1" coveredmethods="0"/>
          <line num="4" count="0" type="stmt"/>
        </file>
      </package>
      <package name="home-ht-challenge .src.ui.Form.components.InputField">
        <metrics statements="1" coveredstatements="1" conditionals="0" coveredconditionals="0" methods="0" coveredmethods="0"/>
        <file name="InputField.view.tsx" path="/Users/igorslotin/Documents/coding/home-ht-challenge /src/ui/Form/components/InputField/InputField.view.tsx">
          <metrics statements="1" coveredstatements="1" conditionals="0" coveredconditionals="0" methods="0" coveredmethods="0"/>
          <line num="2" count="1" type="stmt"/>
        </file>
        <file name="index.ts" path="/Users/igorslotin/Documents/coding/home-ht-challenge /src/ui/Form/components/InputField/index.ts">
          <metrics statements="0" coveredstatements="0" conditionals="0" coveredconditionals="0" methods="0" coveredmethods="0"/>
        </file>
      </package>
      <package name="home-ht-challenge .src.ui.Form.components.Label">
        <metrics statements="1" coveredstatements="1" conditionals="0" coveredconditionals="0" methods="0" coveredmethods="0"/>
        <file name="Label.view.tsx" path="/Users/igorslotin/Documents/coding/home-ht-challenge /src/ui/Form/components/Label/Label.view.tsx">
          <metrics statements="1" coveredstatements="1" conditionals="0" coveredconditionals="0" methods="0" coveredmethods="0"/>
          <line num="2" count="1" type="stmt"/>
        </file>
        <file name="index.ts" path="/Users/igorslotin/Documents/coding/home-ht-challenge /src/ui/Form/components/Label/index.ts">
          <metrics statements="0" coveredstatements="0" conditionals="0" coveredconditionals="0" methods="0" coveredmethods="0"/>
        </file>
      </package>
      <package name="home-ht-challenge .src.ui.Form.tabs.Email">
        <metrics statements="1" coveredstatements="0" conditionals="0" coveredconditionals="0" methods="1" coveredmethods="0"/>
        <file name="Email.view.tsx" path="/Users/igorslotin/Documents/coding/home-ht-challenge /src/ui/Form/tabs/Email/Email.view.tsx">
          <metrics statements="1" coveredstatements="0" conditionals="0" coveredconditionals="0" methods="1" coveredmethods="0"/>
          <line num="12" count="0" type="stmt"/>
        </file>
        <file name="index.ts" path="/Users/igorslotin/Documents/coding/home-ht-challenge /src/ui/Form/tabs/Email/index.ts">
          <metrics statements="0" coveredstatements="0" conditionals="0" coveredconditionals="0" methods="0" coveredmethods="0"/>
        </file>
      </package>
      <package name="home-ht-challenge .src.ui.Form.tabs.FullName">
        <metrics statements="1" coveredstatements="0" conditionals="0" coveredconditionals="0" methods="1" coveredmethods="0"/>
        <file name="FullName.view.tsx" path="/Users/igorslotin/Documents/coding/home-ht-challenge /src/ui/Form/tabs/FullName/FullName.view.tsx">
          <metrics statements="1" coveredstatements="0" conditionals="0" coveredconditionals="0" methods="1" coveredmethods="0"/>
          <line num="12" count="0" type="stmt"/>
        </file>
        <file name="index.ts" path="/Users/igorslotin/Documents/coding/home-ht-challenge /src/ui/Form/tabs/FullName/index.ts">
          <metrics statements="0" coveredstatements="0" conditionals="0" coveredconditionals="0" methods="0" coveredmethods="0"/>
        </file>
      </package>
      <package name="home-ht-challenge .src.ui.Form.tabs.PhoneNumber">
        <metrics statements="1" coveredstatements="0" conditionals="0" coveredconditionals="0" methods="1" coveredmethods="0"/>
        <file name="PhoneNumber.view.tsx" path="/Users/igorslotin/Documents/coding/home-ht-challenge /src/ui/Form/tabs/PhoneNumber/PhoneNumber.view.tsx">
          <metrics statements="1" coveredstatements="0" conditionals="0" coveredconditionals="0" methods="1" coveredmethods="0"/>
          <line num="12" count="0" type="stmt"/>
        </file>
        <file name="index.ts" path="/Users/igorslotin/Documents/coding/home-ht-challenge /src/ui/Form/tabs/PhoneNumber/index.ts">
          <metrics statements="0" coveredstatements="0" conditionals="0" coveredconditionals="0" methods="0" coveredmethods="0"/>
        </file>
      </package>
      <package name="home-ht-challenge .src.ui.Form.tabs.Salary">
        <metrics statements="5" coveredstatements="3" conditionals="0" coveredconditionals="0" methods="2" coveredmethods="0"/>
        <file name="Salary.style.ts" path="/Users/igorslotin/Documents/coding/home-ht-challenge /src/ui/Form/tabs/Salary/Salary.style.ts">
          <metrics statements="3" coveredstatements="3" conditionals="0" coveredconditionals="0" methods="0" coveredmethods="0"/>
          <line num="5" count="1" type="stmt"/>
          <line num="9" count="1" type="stmt"/>
          <line num="15" count="1" type="stmt"/>
        </file>
        <file name="Salary.view.tsx" path="/Users/igorslotin/Documents/coding/home-ht-challenge /src/ui/Form/tabs/Salary/Salary.view.tsx">
          <metrics statements="2" coveredstatements="0" conditionals="0" coveredconditionals="0" methods="2" coveredmethods="0"/>
          <line num="17" count="0" type="stmt"/>
          <line num="25" count="0" type="stmt"/>
        </file>
        <file name="index.ts" path="/Users/igorslotin/Documents/coding/home-ht-challenge /src/ui/Form/tabs/Salary/index.ts">
          <metrics statements="0" coveredstatements="0" conditionals="0" coveredconditionals="0" methods="0" coveredmethods="0"/>
        </file>
      </package>
    </metrics>
  </project>
</coverage>
