{"/Users/igorslotin/Documents/coding/home-ht-challenge /jest.frameworks.js": {"path":"/Users/igorslotin/Documents/coding/home-ht-challenge /jest.frameworks.js","statementMap":{"0":{"start":{"line":1,"column":0},"end":{"line":1,"column":34}}},"fnMap":{},"branchMap":{},"s":{"0":1},"f":{},"b":{},"_coverageSchema":"332fd63041d2c1bcb487cc26dd0d5f7d97098a6c","hash":"e4dbc7bb2e21b0a33e447eae7e3d48a0bead67da"}
,"/Users/igorslotin/Documents/coding/home-ht-challenge /jest.setup.js": {"path":"/Users/igorslotin/Documents/coding/home-ht-challenge /jest.setup.js","statementMap":{"0":{"start":{"line":1,"column":15},"end":{"line":1,"column":32}},"1":{"start":{"line":2,"column":16},"end":{"line":2,"column":50}},"2":{"start":{"line":4,"column":0},"end":{"line":4,"column":43}}},"fnMap":{},"branchMap":{},"s":{"0":1,"1":1,"2":1},"f":{},"b":{},"_coverageSchema":"332fd63041d2c1bcb487cc26dd0d5f7d97098a6c","hash":"e2f6f50c1a994c81e092b2568fea88f338c186e5"}
,"/Users/igorslotin/Documents/coding/home-ht-challenge /routes.ts": {"path":"/Users/igorslotin/Documents/coding/home-ht-challenge /routes.ts","statementMap":{"0":{"start":{"line":3,"column":15},"end":{"line":3,"column":39}},"1":{"start":{"line":5,"column":0},"end":{"line":5,"column":82}},"2":{"start":{"line":5,"column":46},"end":{"line":5,"column":80}},"3":{"start":{"line":8,"column":20},"end":{"line":8,"column":31}},"4":{"start":{"line":9,"column":25},"end":{"line":9,"column":41}},"5":{"start":{"line":10,"column":22},"end":{"line":10,"column":35}}},"fnMap":{"0":{"name":"(anonymous_0)","decl":{"start":{"line":5,"column":33},"end":{"line":5,"column":34}},"loc":{"start":{"line":5,"column":46},"end":{"line":5,"column":80}},"line":5}},"branchMap":{},"s":{"0":1,"1":1,"2":1,"3":1,"4":1,"5":1},"f":{"0":1},"b":{},"_coverageSchema":"332fd63041d2c1bcb487cc26dd0d5f7d97098a6c","hash":"797929b18c00d2e1f4aa40f62809e165322b28c4"}
,"/Users/igorslotin/Documents/coding/home-ht-challenge /src/routeConfig.ts": {"path":"/Users/igorslotin/Documents/coding/home-ht-challenge /src/routeConfig.ts","statementMap":{"0":{"start":{"line":12,"column":21},"end":{"line":18,"column":1}},"1":{"start":{"line":20,"column":41},"end":{"line":20,"column":68}}},"fnMap":{},"branchMap":{},"s":{"0":1,"1":1},"f":{},"b":{},"_coverageSchema":"332fd63041d2c1bcb487cc26dd0d5f7d97098a6c","hash":"9257f24a73e10a9ed074977832547c7066da4625"}
,"/Users/igorslotin/Documents/coding/home-ht-challenge /src/commonComponents/Button.ts": {"path":"/Users/igorslotin/Documents/coding/home-ht-challenge /src/commonComponents/Button.ts","statementMap":{"0":{"start":{"line":3,"column":22},"end":{"line":50,"column":1}}},"fnMap":{},"branchMap":{},"s":{"0":1},"f":{},"b":{},"_coverageSchema":"332fd63041d2c1bcb487cc26dd0d5f7d97098a6c","hash":"f8704d858e1ac1d0bfc2c2df5ac55e216aefa6eb"}
,"/Users/igorslotin/Documents/coding/home-ht-challenge /src/store/CollectedDataStore.ts": {"path":"/Users/igorslotin/Documents/coding/home-ht-challenge /src/store/CollectedDataStore.ts","statementMap":{"0":{"start":{"line":15,"column":16},"end":{"line":36,"column":1}},"1":{"start":{"line":38,"column":16},"end":{"line":55,"column":1}},"2":{"start":{"line":84,"column":4},"end":{"line":84,"column":29}},"3":{"start":{"line":89,"column":4},"end":{"line":91,"column":5}},"4":{"start":{"line":90,"column":6},"end":{"line":90,"column":17}},"5":{"start":{"line":92,"column":4},"end":{"line":92,"column":63}},"6":{"start":{"line":99,"column":4},"end":{"line":102,"column":5}},"7":{"start":{"line":100,"column":6},"end":{"line":100,"column":24}},"8":{"start":{"line":101,"column":6},"end":{"line":101,"column":13}},"9":{"start":{"line":103,"column":16},"end":{"line":103,"column":43}},"10":{"start":{"line":104,"column":4},"end":{"line":107,"column":5}},"11":{"start":{"line":105,"column":6},"end":{"line":105,"column":32}},"12":{"start":{"line":106,"column":6},"end":{"line":106,"column":60}},"13":{"start":{"line":112,"column":4},"end":{"line":112,"column":29}},"14":{"start":{"line":117,"column":4},"end":{"line":117,"column":27}},"15":{"start":{"line":118,"column":4},"end":{"line":120,"column":11}},"16":{"start":{"line":119,"column":6},"end":{"line":119,"column":40}},"17":{"start":{"line":124,"column":40},"end":{"line":127,"column":3}},"18":{"start":{"line":125,"column":16},"end":{"line":125,"column":39}},"19":{"start":{"line":126,"column":4},"end":{"line":126,"column":35}},"20":{"start":{"line":131,"column":4},"end":{"line":131,"column":28}},"21":{"start":{"line":132,"column":4},"end":{"line":132,"column":28}},"22":{"start":{"line":133,"column":4},"end":{"line":133,"column":30}},"23":{"start":{"line":137,"column":14},"end":{"line":137,"column":38}}},"fnMap":{"0":{"name":"(anonymous_0)","decl":{"start":{"line":82,"column":2},"end":{"line":82,"column":3}},"loc":{"start":{"line":83,"column":19},"end":{"line":85,"column":3}},"line":83},"1":{"name":"(anonymous_1)","decl":{"start":{"line":87,"column":2},"end":{"line":87,"column":3}},"loc":{"start":{"line":88,"column":17},"end":{"line":93,"column":3}},"line":88},"2":{"name":"(anonymous_2)","decl":{"start":{"line":98,"column":15},"end":{"line":98,"column":16}},"loc":{"start":{"line":98,"column":21},"end":{"line":108,"column":3}},"line":98},"3":{"name":"(anonymous_3)","decl":{"start":{"line":111,"column":20},"end":{"line":111,"column":21}},"loc":{"start":{"line":111,"column":30},"end":{"line":113,"column":3}},"line":111},"4":{"name":"(anonymous_4)","decl":{"start":{"line":116,"column":15},"end":{"line":116,"column":16}},"loc":{"start":{"line":116,"column":27},"end":{"line":121,"column":3}},"line":116},"5":{"name":"(anonymous_5)","decl":{"start":{"line":118,"column":15},"end":{"line":118,"column":16}},"loc":{"start":{"line":118,"column":27},"end":{"line":120,"column":5}},"line":118},"6":{"name":"(anonymous_6)","decl":{"start":{"line":124,"column":23},"end":{"line":124,"column":24}},"loc":{"start":{"line":124,"column":40},"end":{"line":127,"column":3}},"line":124},"7":{"name":"(anonymous_7)","decl":{"start":{"line":124,"column":40},"end":{"line":124,"column":41}},"loc":{"start":{"line":124,"column":51},"end":{"line":127,"column":3}},"line":124},"8":{"name":"(anonymous_8)","decl":{"start":{"line":130,"column":14},"end":{"line":130,"column":15}},"loc":{"start":{"line":130,"column":20},"end":{"line":134,"column":3}},"line":130}},"branchMap":{"0":{"loc":{"start":{"line":89,"column":4},"end":{"line":91,"column":5}},"type":"if","locations":[{"start":{"line":89,"column":4},"end":{"line":91,"column":5}},{"start":{"line":89,"column":4},"end":{"line":91,"column":5}}],"line":89},"1":{"loc":{"start":{"line":89,"column":8},"end":{"line":89,"column":42}},"type":"binary-expr","locations":[{"start":{"line":89,"column":8},"end":{"line":89,"column":23}},{"start":{"line":89,"column":27},"end":{"line":89,"column":42}}],"line":89},"2":{"loc":{"start":{"line":99,"column":4},"end":{"line":102,"column":5}},"type":"if","locations":[{"start":{"line":99,"column":4},"end":{"line":102,"column":5}},{"start":{"line":99,"column":4},"end":{"line":102,"column":5}}],"line":99},"3":{"loc":{"start":{"line":104,"column":4},"end":{"line":107,"column":5}},"type":"if","locations":[{"start":{"line":104,"column":4},"end":{"line":107,"column":5}},{"start":{"line":104,"column":4},"end":{"line":107,"column":5}}],"line":104}},"s":{"0":1,"1":1,"2":0,"3":0,"4":0,"5":0,"6":0,"7":0,"8":0,"9":0,"10":0,"11":0,"12":0,"13":0,"14":0,"15":0,"16":0,"17":0,"18":0,"19":0,"20":0,"21":0,"22":0,"23":1},"f":{"0":0,"1":0,"2":0,"3":0,"4":0,"5":0,"6":0,"7":0,"8":0},"b":{"0":[0,0],"1":[0,0],"2":[0,0],"3":[0,0]},"_coverageSchema":"332fd63041d2c1bcb487cc26dd0d5f7d97098a6c","hash":"a3168fc8fd675929e393ef6144e43a93f2292b03"}
,"/Users/igorslotin/Documents/coding/home-ht-challenge /src/ui/Form/components/Form/Form.style.ts": {"path":"/Users/igorslotin/Documents/coding/home-ht-challenge /src/ui/Form/components/Form/Form.style.ts","statementMap":{"0":{"start":{"line":3,"column":20},"end":{"line":8,"column":1}}},"fnMap":{},"branchMap":{},"s":{"0":1},"f":{},"b":{},"_coverageSchema":"332fd63041d2c1bcb487cc26dd0d5f7d97098a6c","hash":"4ec42320f34faf178cf1d43abc6455422be5cc9c"}
,"/Users/igorslotin/Documents/coding/home-ht-challenge /src/ui/Form/components/Form/Form.view.tsx": {"path":"/Users/igorslotin/Documents/coding/home-ht-challenge /src/ui/Form/components/Form/Form.view.tsx","statementMap":{"0":{"start":{"line":18,"column":32},"end":{"line":18,"column":42}},"1":{"start":{"line":19,"column":4},"end":{"line":23,"column":14}}},"fnMap":{"0":{"name":"(anonymous_0)","decl":{"start":{"line":17,"column":2},"end":{"line":17,"column":3}},"loc":{"start":{"line":17,"column":11},"end":{"line":24,"column":3}},"line":17}},"branchMap":{"0":{"loc":{"start":{"line":22,"column":31},"end":{"line":22,"column":78}},"type":"cond-expr","locations":[{"start":{"line":22,"column":50},"end":{"line":22,"column":65}},{"start":{"line":22,"column":67},"end":{"line":22,"column":78}}],"line":22}},"s":{"0":6,"1":6},"f":{"0":6},"b":{"0":[1,5]},"_coverageSchema":"332fd63041d2c1bcb487cc26dd0d5f7d97098a6c","hash":"7f9365e92ad4fef85bed76ba90ec8a28dfaad4d1"}
,"/Users/igorslotin/Documents/coding/home-ht-challenge /src/ui/Form/components/Form/index.tsx": {"path":"/Users/igorslotin/Documents/coding/home-ht-challenge /src/ui/Form/components/Form/index.tsx","statementMap":{"0":{"start":{"line":4,"column":27},"end":{"line":4,"column":65}}},"fnMap":{"0":{"name":"(anonymous_0)","decl":{"start":{"line":4,"column":15},"end":{"line":4,"column":16}},"loc":{"start":{"line":4,"column":27},"end":{"line":4,"column":65}},"line":4}},"branchMap":{},"s":{"0":0},"f":{"0":0},"b":{},"_coverageSchema":"332fd63041d2c1bcb487cc26dd0d5f7d97098a6c","hash":"9976d45a022d6b4720fe2a6dec093aac2a981fb7"}
,"/Users/igorslotin/Documents/coding/home-ht-challenge /src/ui/Form/components/InputField/InputField.view.tsx": {"path":"/Users/igorslotin/Documents/coding/home-ht-challenge /src/ui/Form/components/InputField/InputField.view.tsx","statementMap":{"0":{"start":{"line":2,"column":19},"end":{"line":13,"column":1}}},"fnMap":{},"branchMap":{},"s":{"0":1},"f":{},"b":{},"_coverageSchema":"332fd63041d2c1bcb487cc26dd0d5f7d97098a6c","hash":"f0db9fbf43c6693a2787773361e6ef50c81a7c09"}
,"/Users/igorslotin/Documents/coding/home-ht-challenge /src/ui/Form/components/InputField/index.ts": {"path":"/Users/igorslotin/Documents/coding/home-ht-challenge /src/ui/Form/components/InputField/index.ts","statementMap":{},"fnMap":{},"branchMap":{},"s":{},"f":{},"b":{},"_coverageSchema":"332fd63041d2c1bcb487cc26dd0d5f7d97098a6c","hash":"7c01bf873bd4c302542bfc6be9b74bde4ba85498"}
,"/Users/igorslotin/Documents/coding/home-ht-challenge /src/ui/Form/components/Label/Label.view.tsx": {"path":"/Users/igorslotin/Documents/coding/home-ht-challenge /src/ui/Form/components/Label/Label.view.tsx","statementMap":{"0":{"start":{"line":2,"column":14},"end":{"line":9,"column":1}}},"fnMap":{},"branchMap":{},"s":{"0":1},"f":{},"b":{},"_coverageSchema":"332fd63041d2c1bcb487cc26dd0d5f7d97098a6c","hash":"6c89dc741b1a47ac2a977e169a844f4181876c1b"}
,"/Users/igorslotin/Documents/coding/home-ht-challenge /src/ui/Form/components/Label/index.ts": {"path":"/Users/igorslotin/Documents/coding/home-ht-challenge /src/ui/Form/components/Label/index.ts","statementMap":{},"fnMap":{},"branchMap":{},"s":{},"f":{},"b":{},"_coverageSchema":"332fd63041d2c1bcb487cc26dd0d5f7d97098a6c","hash":"4e593f6043dde9fc1688bf2b651d969b87f0c226"}
,"/Users/igorslotin/Documents/coding/home-ht-challenge /src/ui/Form/tabs/Cost/Cost.style.ts": {"path":"/Users/igorslotin/Documents/coding/home-ht-challenge /src/ui/Form/tabs/Cost/Cost.style.ts","statementMap":{"0":{"start":{"line":5,"column":25},"end":{"line":8,"column":1}},"1":{"start":{"line":9,"column":21},"end":{"line":13,"column":1}},"2":{"start":{"line":15,"column":22},"end":{"line":18,"column":1}}},"fnMap":{},"branchMap":{},"s":{"0":1,"1":1,"2":1},"f":{},"b":{},"_coverageSchema":"332fd63041d2c1bcb487cc26dd0d5f7d97098a6c","hash":"f534984a6ad30aaf368ee263297cff44ac1407e4"}
,"/Users/igorslotin/Documents/coding/home-ht-challenge /src/ui/Form/tabs/Cost/Cost.view.tsx": {"path":"/Users/igorslotin/Documents/coding/home-ht-challenge /src/ui/Form/tabs/Cost/Cost.view.tsx","statementMap":{"0":{"start":{"line":17,"column":4},"end":{"line":32,"column":5}},"1":{"start":{"line":25,"column":14},"end":{"line":27,"column":21}}},"fnMap":{"0":{"name":"(anonymous_0)","decl":{"start":{"line":16,"column":2},"end":{"line":16,"column":3}},"loc":{"start":{"line":16,"column":11},"end":{"line":33,"column":3}},"line":16},"1":{"name":"(anonymous_1)","decl":{"start":{"line":24,"column":35},"end":{"line":24,"column":36}},"loc":{"start":{"line":25,"column":14},"end":{"line":27,"column":21}},"line":25}},"branchMap":{},"s":{"0":0,"1":0},"f":{"0":0,"1":0},"b":{},"_coverageSchema":"332fd63041d2c1bcb487cc26dd0d5f7d97098a6c","hash":"cff7ab1ad8d88a52316bc31a7a866401100034be"}
,"/Users/igorslotin/Documents/coding/home-ht-challenge /src/ui/Form/tabs/Cost/index.ts": {"path":"/Users/igorslotin/Documents/coding/home-ht-challenge /src/ui/Form/tabs/Cost/index.ts","statementMap":{},"fnMap":{},"branchMap":{},"s":{},"f":{},"b":{},"_coverageSchema":"332fd63041d2c1bcb487cc26dd0d5f7d97098a6c","hash":"7a2b6895c88dfe6160556e9e1b69cfaf1a2593a4"}
,"/Users/igorslotin/Documents/coding/home-ht-challenge /src/ui/Form/tabs/Email/Email.view.tsx": {"path":"/Users/igorslotin/Documents/coding/home-ht-challenge /src/ui/Form/tabs/Email/Email.view.tsx","statementMap":{"0":{"start":{"line":12,"column":4},"end":{"line":22,"column":5}}},"fnMap":{"0":{"name":"(anonymous_0)","decl":{"start":{"line":11,"column":2},"end":{"line":11,"column":3}},"loc":{"start":{"line":11,"column":11},"end":{"line":23,"column":3}},"line":11}},"branchMap":{},"s":{"0":0},"f":{"0":0},"b":{},"_coverageSchema":"332fd63041d2c1bcb487cc26dd0d5f7d97098a6c","hash":"781f3a82c0bbcffdea49351d8e0246e4fb24355a"}
,"/Users/igorslotin/Documents/coding/home-ht-challenge /src/ui/Form/tabs/Email/index.ts": {"path":"/Users/igorslotin/Documents/coding/home-ht-challenge /src/ui/Form/tabs/Email/index.ts","statementMap":{},"fnMap":{},"branchMap":{},"s":{},"f":{},"b":{},"_coverageSchema":"332fd63041d2c1bcb487cc26dd0d5f7d97098a6c","hash":"5b88a132af8b64dd878e7f5b3a26b6107068a725"}
,"/Users/igorslotin/Documents/coding/home-ht-challenge /src/ui/Form/tabs/FullName/FullName.view.tsx": {"path":"/Users/igorslotin/Documents/coding/home-ht-challenge /src/ui/Form/tabs/FullName/FullName.view.tsx","statementMap":{"0":{"start":{"line":12,"column":4},"end":{"line":22,"column":5}}},"fnMap":{"0":{"name":"(anonymous_0)","decl":{"start":{"line":11,"column":2},"end":{"line":11,"column":3}},"loc":{"start":{"line":11,"column":11},"end":{"line":23,"column":3}},"line":11}},"branchMap":{},"s":{"0":0},"f":{"0":0},"b":{},"_coverageSchema":"332fd63041d2c1bcb487cc26dd0d5f7d97098a6c","hash":"41275475e14ab50cc23d2ba23e1d5a6ac9b62c9a"}
,"/Users/igorslotin/Documents/coding/home-ht-challenge /src/ui/Form/tabs/FullName/index.ts": {"path":"/Users/igorslotin/Documents/coding/home-ht-challenge /src/ui/Form/tabs/FullName/index.ts","statementMap":{},"fnMap":{},"branchMap":{},"s":{},"f":{},"b":{},"_coverageSchema":"332fd63041d2c1bcb487cc26dd0d5f7d97098a6c","hash":"07d3c5efdd78230d703a54f7b663488c6e9a9fb0"}
,"/Users/igorslotin/Documents/coding/home-ht-challenge /src/ui/Form/tabs/PhoneNumber/PhoneNumber.view.tsx": {"path":"/Users/igorslotin/Documents/coding/home-ht-challenge /src/ui/Form/tabs/PhoneNumber/PhoneNumber.view.tsx","statementMap":{"0":{"start":{"line":12,"column":4},"end":{"line":22,"column":5}}},"fnMap":{"0":{"name":"(anonymous_0)","decl":{"start":{"line":11,"column":2},"end":{"line":11,"column":3}},"loc":{"start":{"line":11,"column":11},"end":{"line":23,"column":3}},"line":11}},"branchMap":{},"s":{"0":0},"f":{"0":0},"b":{},"_coverageSchema":"332fd63041d2c1bcb487cc26dd0d5f7d97098a6c","hash":"d09441f8178f9042b376dea66daa2c47ec7fa869"}
,"/Users/igorslotin/Documents/coding/home-ht-challenge /src/ui/Form/tabs/PhoneNumber/index.ts": {"path":"/Users/igorslotin/Documents/coding/home-ht-challenge /src/ui/Form/tabs/PhoneNumber/index.ts","statementMap":{},"fnMap":{},"branchMap":{},"s":{},"f":{},"b":{},"_coverageSchema":"332fd63041d2c1bcb487cc26dd0d5f7d97098a6c","hash":"1c3beb59569a35e8ce486489be8c2adf32427ebd"}
}
