TN:
SF:/Users/igorslotin/Documents/coding/home-ht-challenge /jest.frameworks.js
FNF:0
FNH:0
DA:1,1
LF:1
LH:1
BRF:0
BRH:0
end_of_record
TN:
SF:/Users/igorslotin/Documents/coding/home-ht-challenge /jest.setup.js
FNF:0
FNH:0
DA:1,1
DA:2,1
DA:4,1
LF:3
LH:3
BRF:0
BRH:0
end_of_record
TN:
SF:/Users/igorslotin/Documents/coding/home-ht-challenge /routes.ts
FN:5,(anonymous_0)
FNF:1
FNH:1
FNDA:1,(anonymous_0)
DA:3,1
DA:5,1
DA:8,1
DA:9,1
DA:10,1
LF:5
LH:5
BRF:0
BRH:0
end_of_record
TN:
SF:/Users/igorslotin/Documents/coding/home-ht-challenge /src/routeConfig.ts
FNF:0
FNH:0
DA:12,1
DA:20,1
LF:2
LH:2
BRF:0
BRH:0
end_of_record
TN:
SF:/Users/igorslotin/Documents/coding/home-ht-challenge /src/commonComponents/Button.ts
FNF:0
FNH:0
DA:3,1
LF:1
LH:1
BRF:0
BRH:0
end_of_record
TN:
SF:/Users/igorslotin/Documents/coding/home-ht-challenge /src/store/CollectedDataStore.ts
FN:82,(anonymous_0)
FN:87,(anonymous_1)
FN:98,(anonymous_2)
FN:111,(anonymous_3)
FN:116,(anonymous_4)
FN:118,(anonymous_5)
FN:124,(anonymous_6)
FN:124,(anonymous_7)
FN:130,(anonymous_8)
FNF:9
FNH:0
FNDA:0,(anonymous_0)
FNDA:0,(anonymous_1)
FNDA:0,(anonymous_2)
FNDA:0,(anonymous_3)
FNDA:0,(anonymous_4)
FNDA:0,(anonymous_5)
FNDA:0,(anonymous_6)
FNDA:0,(anonymous_7)
FNDA:0,(anonymous_8)
DA:15,1
DA:38,1
DA:84,0
DA:89,0
DA:90,0
DA:92,0
DA:99,0
DA:100,0
DA:101,0
DA:103,0
DA:104,0
DA:105,0
DA:106,0
DA:112,0
DA:117,0
DA:118,0
DA:119,0
DA:124,0
DA:125,0
DA:126,0
DA:131,0
DA:132,0
DA:133,0
DA:137,1
LF:24
LH:3
BRDA:89,0,0,0
BRDA:89,0,1,0
BRDA:89,1,0,0
BRDA:89,1,1,0
BRDA:99,2,0,0
BRDA:99,2,1,0
BRDA:104,3,0,0
BRDA:104,3,1,0
BRF:8
BRH:0
end_of_record
TN:
SF:/Users/igorslotin/Documents/coding/home-ht-challenge /src/ui/Form/components/Form/Form.style.ts
FNF:0
FNH:0
DA:3,1
LF:1
LH:1
BRF:0
BRH:0
end_of_record
TN:
SF:/Users/igorslotin/Documents/coding/home-ht-challenge /src/ui/Form/components/Form/Form.view.tsx
FN:17,(anonymous_0)
FNF:1
FNH:1
FNDA:6,(anonymous_0)
DA:18,6
DA:19,6
LF:2
LH:2
BRDA:22,0,0,1
BRDA:22,0,1,5
BRF:2
BRH:2
end_of_record
TN:
SF:/Users/igorslotin/Documents/coding/home-ht-challenge /src/ui/Form/components/Form/index.tsx
FN:4,(anonymous_0)
FNF:1
FNH:0
FNDA:0,(anonymous_0)
DA:4,0
LF:1
LH:0
BRF:0
BRH:0
end_of_record
TN:
SF:/Users/igorslotin/Documents/coding/home-ht-challenge /src/ui/Form/components/InputField/InputField.view.tsx
FNF:0
FNH:0
DA:2,1
LF:1
LH:1
BRF:0
BRH:0
end_of_record
TN:
SF:/Users/igorslotin/Documents/coding/home-ht-challenge /src/ui/Form/components/InputField/index.ts
FNF:0
FNH:0
LF:0
LH:0
BRF:0
BRH:0
end_of_record
TN:
SF:/Users/igorslotin/Documents/coding/home-ht-challenge /src/ui/Form/components/Label/Label.view.tsx
FNF:0
FNH:0
DA:2,1
LF:1
LH:1
BRF:0
BRH:0
end_of_record
TN:
SF:/Users/igorslotin/Documents/coding/home-ht-challenge /src/ui/Form/components/Label/index.ts
FNF:0
FNH:0
LF:0
LH:0
BRF:0
BRH:0
end_of_record
TN:
SF:/Users/igorslotin/Documents/coding/home-ht-challenge /src/ui/Form/tabs/Cost/Cost.style.ts
FNF:0
FNH:0
DA:5,1
DA:9,1
DA:15,1
LF:3
LH:3
BRF:0
BRH:0
end_of_record
TN:
SF:/Users/igorslotin/Documents/coding/home-ht-challenge /src/ui/Form/tabs/Cost/Cost.view.tsx
FN:16,(anonymous_0)
FN:24,(anonymous_1)
FNF:2
FNH:0
FNDA:0,(anonymous_0)
FNDA:0,(anonymous_1)
DA:17,0
DA:25,0
LF:2
LH:0
BRF:0
BRH:0
end_of_record
TN:
SF:/Users/igorslotin/Documents/coding/home-ht-challenge /src/ui/Form/tabs/Cost/index.ts
FNF:0
FNH:0
LF:0
LH:0
BRF:0
BRH:0
end_of_record
TN:
SF:/Users/igorslotin/Documents/coding/home-ht-challenge /src/ui/Form/tabs/Email/Email.view.tsx
FN:11,(anonymous_0)
FNF:1
FNH:0
FNDA:0,(anonymous_0)
DA:12,0
LF:1
LH:0
BRF:0
BRH:0
end_of_record
TN:
SF:/Users/igorslotin/Documents/coding/home-ht-challenge /src/ui/Form/tabs/Email/index.ts
FNF:0
FNH:0
LF:0
LH:0
BRF:0
BRH:0
end_of_record
TN:
SF:/Users/igorslotin/Documents/coding/home-ht-challenge /src/ui/Form/tabs/FullName/FullName.view.tsx
FN:11,(anonymous_0)
FNF:1
FNH:0
FNDA:0,(anonymous_0)
DA:12,0
LF:1
LH:0
BRF:0
BRH:0
end_of_record
TN:
SF:/Users/igorslotin/Documents/coding/home-ht-challenge /src/ui/Form/tabs/FullName/index.ts
FNF:0
FNH:0
LF:0
LH:0
BRF:0
BRH:0
end_of_record
TN:
SF:/Users/igorslotin/Documents/coding/home-ht-challenge /src/ui/Form/tabs/PhoneNumber/PhoneNumber.view.tsx
FN:11,(anonymous_0)
FNF:1
FNH:0
FNDA:0,(anonymous_0)
DA:12,0
LF:1
LH:0
BRF:0
BRH:0
end_of_record
TN:
SF:/Users/igorslotin/Documents/coding/home-ht-challenge /src/ui/Form/tabs/PhoneNumber/index.ts
FNF:0
FNH:0
LF:0
LH:0
BRF:0
BRH:0
end_of_record
